<?xml version="1.0" encoding="UTF-8"?>
<testsuite xmlns:xsi="http://www.w3.org/2001/XMLSchema-instance" xsi:noNamespaceSchemaLocation="https://maven.apache.org/surefire/maven-surefire-plugin/xsd/surefire-test-report-3.0.xsd" version="3.0" name="TestSuite" time="32.87" tests="1" errors="0" skipped="0" failures="0">
  <properties>
[...]
</properties>
  <testcase name="logintest" classname="TestCases.LoginTest_001" time="5.871">
    <system-out><![CDATA[2023-07-28 02:35:26 INFO  eBanking:196-onStart method
2023-07-28 02:35:40 INFO  eBanking:58-Using Chrome Driver
2023-07-28 02:35:50 INFO  eBanking:18-TC_001
2023-07-28 02:35:50 INFO  eBanking:19-URL is opened
2023-07-28 02:35:52 INFO  eBanking:24-UserName is entered
2023-07-28 02:35:52 INFO  eBanking:27-Password is entered
2023-07-28 02:35:55 INFO  eBanking:31-Submit Button is clicked
Screenshot Taken
2023-07-28 02:35:56 INFO  eBanking:110-ScreenShot is captured
2023-07-28 02:35:56 INFO  eBanking:40-Login Test passed
2023-07-28 02:35:56 INFO  eBanking:41-The Title of the Page Assertion passed
on success
2023-07-28 02:35:56 INFO  eBanking:207-onTestSuccess method
2023-07-28 02:35:56 INFO  eBanking:216-ScreenShot taken on Successfull of Test Case and attatched to Extent Report
]]></system-out>
    <system-err><![CDATA[SLF4J: Failed to load class "org.slf4j.impl.StaticLoggerBinder".
SLF4J: Defaulting to no-operation (NOP) logger implementation
SLF4J: See http://www.slf4j.org/codes.html#StaticLoggerBinder for further details.
Jul 28, 2023 2:35:27 AM org.openqa.selenium.remote.service.DriverService$Builder getLogOutput
INFO: Driver logs no longer sent to console by default; https://www.selenium.dev/documentation/webdriver/drivers/service/#setting-log-output
Jul 28, 2023 2:35:40 AM org.openqa.selenium.devtools.CdpVersionFinder findNearestMatch
WARNING: Unable to find an exact match for CDP version 115, so returning the closest version found: 114
]]></system-err>
  </testcase>
</testsuite>