<?xml version="1.0" encoding="UTF-8"?>
<testng-results ignored="0" total="1" passed="1" failed="0" skipped="0">
  <reporter-output>
  </reporter-output>
  <suite started-at="2023-07-28T02:35:26 IST" name="DemoGuru Internet banking" finished-at="2023-07-28T02:35:57 IST" duration-ms="31096">
    <groups>
    </groups>
    <test started-at="2023-07-28T02:35:26 IST" name="Banking Application Test" finished-at="2023-07-28T02:35:57 IST" duration-ms="31096">
      <class name="TestCases.LoginTest_001">
        <test-method is-config="true" signature="setup(java.lang.String)[pri:0, instance:TestCases.LoginTest_001@223d2c72]" started-at="2023-07-28T02:35:26 IST" name="setup" finished-at="2023-07-28T02:35:50 IST" duration-ms="23278" status="PASS">
          <params>
            <param index="0">
              <value>
                <![CDATA[chrome]]>
              </value>
            </param>
          </params>
          <reporter-output>
          </reporter-output>
        </test-method> <!-- setup -->
        <test-method signature="logintest()[pri:0, instance:TestCases.LoginTest_001@223d2c72]" started-at="2023-07-28T02:35:50 IST" name="logintest" finished-at="2023-07-28T02:35:56 IST" duration-ms="5852" status="PASS">
          <reporter-output>
          </reporter-output>
        </test-method> <!-- logintest -->
        <test-method is-config="true" signature="tearDown()[pri:0, instance:TestCases.LoginTest_001@223d2c72]" started-at="2023-07-28T02:35:56 IST" name="tearDown" finished-at="2023-07-28T02:35:57 IST" duration-ms="1116" status="PASS">
          <reporter-output>
          </reporter-output>
        </test-method> <!-- tearDown -->
      </class> <!-- TestCases.LoginTest_001 -->
    </test> <!-- Banking Application Test -->
  </suite> <!-- DemoGuru Internet banking -->
</testng-results>
